<?xml version="1.0" encoding="UTF-8"?>
<testng-results skipped="0" failed="0" total="5" passed="5">
  <reporter-output>
  </reporter-output>
  <suite name="Default suite" duration-ms="8444" started-at="2016-01-29T01:03:45Z" finished-at="2016-01-29T01:03:53Z">
    <groups>
    </groups>
    <test name="Default test" duration-ms="8444" started-at="2016-01-29T01:03:45Z" finished-at="2016-01-29T01:03:53Z">
      <class name="rithmtime.tv.tests.SmokeTest">
        <test-method status="PASS" signature="setUp()[pri:0, instance:rithmtime.tv.tests.SmokeTest@58da88fb]" name="setUp" is-config="true" duration-ms="2049" started-at="2016-01-29T04:03:45Z" finished-at="2016-01-29T04:03:47Z">
          <reporter-output>
          </reporter-output>
        </test-method> <!-- setUp -->
        <test-method status="PASS" signature="testAuthorizationEmptyPassword()[pri:0, instance:rithmtime.tv.tests.SmokeTest@58da88fb]" name="testAuthorizationEmptyPassword" duration-ms="4" started-at="2016-01-29T04:03:47Z" finished-at="2016-01-29T04:03:47Z">
          <reporter-output>
          </reporter-output>
        </test-method> <!-- testAuthorizationEmptyPassword -->
        <test-method status="PASS" signature="testAuthorizationEmptylogin()[pri:0, instance:rithmtime.tv.tests.SmokeTest@58da88fb]" name="testAuthorizationEmptylogin" duration-ms="1955" started-at="2016-01-29T04:03:47Z" finished-at="2016-01-29T04:03:49Z">
          <reporter-output>
          </reporter-output>
        </test-method> <!-- testAuthorizationEmptylogin -->
        <test-method status="PASS" signature="testAuthorizationTrue()[pri:0, instance:rithmtime.tv.tests.SmokeTest@58da88fb]" name="testAuthorizationTrue" duration-ms="2807" started-at="2016-01-29T04:03:49Z" finished-at="2016-01-29T04:03:52Z">
          <reporter-output>
          </reporter-output>
        </test-method> <!-- testAuthorizationTrue -->
        <test-method status="PASS" signature="testAuthorizationWrongPassword()[pri:0, instance:rithmtime.tv.tests.SmokeTest@58da88fb]" name="testAuthorizationWrongPassword" duration-ms="0" started-at="2016-01-29T04:03:52Z" finished-at="2016-01-29T04:03:52Z">
          <reporter-output>
          </reporter-output>
        </test-method> <!-- testAuthorizationWrongPassword -->
        <test-method status="PASS" signature="testAuthorizationWronglogin()[pri:0, instance:rithmtime.tv.tests.SmokeTest@58da88fb]" name="testAuthorizationWronglogin" duration-ms="1546" started-at="2016-01-29T04:03:52Z" finished-at="2016-01-29T04:03:53Z">
          <reporter-output>
          </reporter-output>
        </test-method> <!-- testAuthorizationWronglogin -->
        <test-method status="PASS" signature="tearDown()[pri:0, instance:rithmtime.tv.tests.SmokeTest@58da88fb]" name="tearDown" is-config="true" duration-ms="66" started-at="2016-01-29T04:03:53Z" finished-at="2016-01-29T04:03:53Z">
          <reporter-output>
          </reporter-output>
        </test-method> <!-- tearDown -->
      </class> <!-- rithmtime.tv.tests.SmokeTest -->
    </test> <!-- Default test -->
  </suite> <!-- Default suite -->
</testng-results>
