<?xml version="1.0" encoding="UTF-8"?>
<!-- Generated by org.testng.reporters.JUnitXMLReporter -->
<testsuite hostname="luch-nix" name="Default test" tests="5" failures="0" timestamp="29 Jan 2016 01:03:53 GMT" time="8.444" errors="0">
  <testcase name="testAuthorizationEmptyPassword" time="0.004" classname="rithmtime.tv.tests.SmokeTest"/>
  <testcase name="testAuthorizationEmptylogin" time="1.955" classname="rithmtime.tv.tests.SmokeTest"/>
  <testcase name="testAuthorizationTrue" time="2.807" classname="rithmtime.tv.tests.SmokeTest"/>
  <testcase name="testAuthorizationWrongPassword" time="0.0" classname="rithmtime.tv.tests.SmokeTest"/>
  <testcase name="testAuthorizationWronglogin" time="1.546" classname="rithmtime.tv.tests.SmokeTest"/>
</testsuite> <!-- Default test -->
