<?xml version="1.0" encoding="UTF-8"?>
<testng-results skipped="1" failed="1" total="12" passed="10">
  <reporter-output>
  </reporter-output>
  <suite name="Default suite" duration-ms="375333" started-at="2016-04-20T00:13:12Z" finished-at="2016-04-20T00:19:27Z">
    <groups>
    </groups>
    <test name="Default test" duration-ms="375333" started-at="2016-04-20T00:13:12Z" finished-at="2016-04-20T00:19:27Z">
      <class name="qaframework.rtv.tests.AuthorizationTest">
        <test-method status="PASS" signature="setUp()[pri:0, instance:qaframework.rtv.tests.AuthorizationTest@2ac1fdc4]" name="setUp" is-config="true" duration-ms="1469" started-at="2016-04-20T03:18:50Z" finished-at="2016-04-20T03:18:52Z">
          <reporter-output>
          </reporter-output>
        </test-method> <!-- setUp -->
        <test-method status="PASS" signature="testAbonentType1()[pri:0, instance:qaframework.rtv.tests.AuthorizationTest@2ac1fdc4]" name="testAbonentType1" duration-ms="4818" started-at="2016-04-20T03:18:52Z" finished-at="2016-04-20T03:18:57Z">
          <reporter-output>
          </reporter-output>
        </test-method> <!-- testAbonentType1 -->
        <test-method status="PASS" signature="testAbonentType2()[pri:0, instance:qaframework.rtv.tests.AuthorizationTest@2ac1fdc4]" name="testAbonentType2" duration-ms="2893" started-at="2016-04-20T03:18:57Z" finished-at="2016-04-20T03:18:59Z">
          <reporter-output>
          </reporter-output>
        </test-method> <!-- testAbonentType2 -->
        <test-method status="PASS" signature="testAbonentType3()[pri:0, instance:qaframework.rtv.tests.AuthorizationTest@2ac1fdc4]" name="testAbonentType3" duration-ms="3692" started-at="2016-04-20T03:18:59Z" finished-at="2016-04-20T03:19:03Z">
          <reporter-output>
          </reporter-output>
        </test-method> <!-- testAbonentType3 -->
        <test-method status="PASS" signature="testAbonentType4()[pri:0, instance:qaframework.rtv.tests.AuthorizationTest@2ac1fdc4]" name="testAbonentType4" duration-ms="3915" started-at="2016-04-20T03:19:03Z" finished-at="2016-04-20T03:19:07Z">
          <reporter-output>
          </reporter-output>
        </test-method> <!-- testAbonentType4 -->
        <test-method status="PASS" signature="testAbonentType5()[pri:0, instance:qaframework.rtv.tests.AuthorizationTest@2ac1fdc4]" name="testAbonentType5" duration-ms="4042" started-at="2016-04-20T03:19:07Z" finished-at="2016-04-20T03:19:11Z">
          <reporter-output>
          </reporter-output>
        </test-method> <!-- testAbonentType5 -->
        <test-method status="PASS" signature="testAbonentType6()[pri:0, instance:qaframework.rtv.tests.AuthorizationTest@2ac1fdc4]" name="testAbonentType6" duration-ms="4374" started-at="2016-04-20T03:19:11Z" finished-at="2016-04-20T03:19:16Z">
          <reporter-output>
          </reporter-output>
        </test-method> <!-- testAbonentType6 -->
        <test-method status="PASS" signature="testAbonentType7()[pri:0, instance:qaframework.rtv.tests.AuthorizationTest@2ac1fdc4]" name="testAbonentType7" duration-ms="4076" started-at="2016-04-20T03:19:16Z" finished-at="2016-04-20T03:19:20Z">
          <reporter-output>
          </reporter-output>
        </test-method> <!-- testAbonentType7 -->
        <test-method status="PASS" signature="testAbonentType8()[pri:0, instance:qaframework.rtv.tests.AuthorizationTest@2ac1fdc4]" name="testAbonentType8" duration-ms="3753" started-at="2016-04-20T03:19:20Z" finished-at="2016-04-20T03:19:23Z">
          <reporter-output>
          </reporter-output>
        </test-method> <!-- testAbonentType8 -->
        <test-method status="PASS" signature="testAbonentType9()[pri:0, instance:qaframework.rtv.tests.AuthorizationTest@2ac1fdc4]" name="testAbonentType9" duration-ms="3890" started-at="2016-04-20T03:19:23Z" finished-at="2016-04-20T03:19:27Z">
          <reporter-output>
          </reporter-output>
        </test-method> <!-- testAbonentType9 -->
        <test-method status="PASS" signature="tearDown()[pri:0, instance:qaframework.rtv.tests.AuthorizationTest@2ac1fdc4]" name="tearDown" is-config="true" duration-ms="63" started-at="2016-04-20T03:19:27Z" finished-at="2016-04-20T03:19:27Z">
          <reporter-output>
          </reporter-output>
        </test-method> <!-- tearDown -->
      </class> <!-- qaframework.rtv.tests.AuthorizationTest -->
      <class name="qaframework.rtv.tests.SmokeTest">
        <test-method status="PASS" signature="setUp()[pri:0, instance:qaframework.rtv.tests.SmokeTest@c39f790]" name="setUp" is-config="true" duration-ms="1815" started-at="2016-04-20T03:13:12Z" finished-at="2016-04-20T03:13:14Z">
          <reporter-output>
          </reporter-output>
        </test-method> <!-- setUp -->
        <test-method status="FAIL" signature="authorization()[pri:0, instance:qaframework.rtv.tests.SmokeTest@c39f790]" name="authorization" duration-ms="334238" started-at="2016-04-20T03:13:14Z" finished-at="2016-04-20T03:18:48Z">
          <exception class="org.openqa.selenium.NoSuchElementException">
            <message>
              <![CDATA[Unable to locate element: {"method":"id","selector":"auth_login"}
Command duration or timeout: 30.03 seconds
For documentation on this error, please visit: http://seleniumhq.org/exceptions/no_such_element.html
Build info: version: '2.53.0', revision: '35ae25b', time: '2016-03-15 17:00:58'
System info: host: 'luch-nix', ip: '127.0.1.1', os.name: 'Linux', os.arch: 'amd64', os.version: '3.19.0-49-generic', java.version: '1.8.0_72'
Driver info: org.openqa.selenium.firefox.FirefoxDriver
Capabilities [{applicationCacheEnabled=true, rotatable=false, handlesAlerts=true, databaseEnabled=true, version=44.0, platform=LINUX, nativeEvents=false, acceptSslCerts=true, webStorageEnabled=true, locationContextEnabled=true, browserName=firefox, takesScreenshot=true, javascriptEnabled=true, cssSelectorsEnabled=true}]
Session ID: 246b8c61-3ca2-4280-9710-c85b1fc22c56
*** Element info: {Using=id, value=auth_login}]]>
            </message>
            <full-stacktrace>
              <![CDATA[org.openqa.selenium.NoSuchElementException: Unable to locate element: {"method":"id","selector":"auth_login"}
Command duration or timeout: 30.03 seconds
For documentation on this error, please visit: http://seleniumhq.org/exceptions/no_such_element.html
Build info: version: '2.53.0', revision: '35ae25b', time: '2016-03-15 17:00:58'
System info: host: 'luch-nix', ip: '127.0.1.1', os.name: 'Linux', os.arch: 'amd64', os.version: '3.19.0-49-generic', java.version: '1.8.0_72'
Driver info: org.openqa.selenium.firefox.FirefoxDriver
Capabilities [{applicationCacheEnabled=true, rotatable=false, handlesAlerts=true, databaseEnabled=true, version=44.0, platform=LINUX, nativeEvents=false, acceptSslCerts=true, webStorageEnabled=true, locationContextEnabled=true, browserName=firefox, takesScreenshot=true, javascriptEnabled=true, cssSelectorsEnabled=true}]
Session ID: 246b8c61-3ca2-4280-9710-c85b1fc22c56
*** Element info: {Using=id, value=auth_login}
	at sun.reflect.NativeConstructorAccessorImpl.newInstance0(Native Method)
	at sun.reflect.NativeConstructorAccessorImpl.newInstance(NativeConstructorAccessorImpl.java:62)
	at sun.reflect.DelegatingConstructorAccessorImpl.newInstance(DelegatingConstructorAccessorImpl.java:45)
	at java.lang.reflect.Constructor.newInstance(Constructor.java:423)
	at org.openqa.selenium.remote.ErrorHandler.createThrowable(ErrorHandler.java:206)
	at org.openqa.selenium.remote.ErrorHandler.throwIfResponseFailed(ErrorHandler.java:158)
	at org.openqa.selenium.remote.RemoteWebDriver.execute(RemoteWebDriver.java:678)
	at org.openqa.selenium.remote.RemoteWebDriver.findElement(RemoteWebDriver.java:363)
	at org.openqa.selenium.remote.RemoteWebDriver.findElementById(RemoteWebDriver.java:413)
	at org.openqa.selenium.By$ById.findElement(By.java:218)
	at org.openqa.selenium.remote.RemoteWebDriver.findElement(RemoteWebDriver.java:355)
	at qaframework.rtv.fw.HelperBase.type(HelperBase.java:65)
	at qaframework.rtv.fw.AccountHelper.fillLoginForm(AccountHelper.java:14)
	at qaframework.rtv.tests.SmokeTest.authorization(SmokeTest.java:12)
	at sun.reflect.NativeMethodAccessorImpl.invoke0(Native Method)
	at sun.reflect.NativeMethodAccessorImpl.invoke(NativeMethodAccessorImpl.java:62)
	at sun.reflect.DelegatingMethodAccessorImpl.invoke(DelegatingMethodAccessorImpl.java:43)
	at java.lang.reflect.Method.invoke(Method.java:498)
	at org.testng.internal.MethodInvocationHelper.invokeMethod(MethodInvocationHelper.java:85)
	at org.testng.internal.Invoker.invokeMethod(Invoker.java:639)
	at org.testng.internal.Invoker.invokeTestMethod(Invoker.java:816)
	at org.testng.internal.Invoker.invokeTestMethods(Invoker.java:1124)
	at org.testng.internal.TestMethodWorker.invokeTestMethods(TestMethodWorker.java:125)
	at org.testng.internal.TestMethodWorker.run(TestMethodWorker.java:108)
	at org.testng.TestRunner.privateRun(TestRunner.java:774)
	at org.testng.TestRunner.run(TestRunner.java:624)
	at org.testng.SuiteRunner.runTest(SuiteRunner.java:359)
	at org.testng.SuiteRunner.runSequentially(SuiteRunner.java:354)
	at org.testng.SuiteRunner.privateRun(SuiteRunner.java:312)
	at org.testng.SuiteRunner.run(SuiteRunner.java:261)
	at org.testng.SuiteRunnerWorker.runSuite(SuiteRunnerWorker.java:52)
	at org.testng.SuiteRunnerWorker.run(SuiteRunnerWorker.java:86)
	at org.testng.TestNG.runSuitesSequentially(TestNG.java:1215)
	at org.testng.TestNG.runSuitesLocally(TestNG.java:1140)
	at org.testng.TestNG.run(TestNG.java:1048)
	at org.testng.remote.RemoteTestNG.run(RemoteTestNG.java:112)
	at org.testng.remote.RemoteTestNG.initAndRun(RemoteTestNG.java:205)
	at org.testng.remote.RemoteTestNG.main(RemoteTestNG.java:176)
Caused by: org.openqa.selenium.NoSuchElementException: Unable to locate element: {"method":"id","selector":"auth_login"}
For documentation on this error, please visit: http://seleniumhq.org/exceptions/no_such_element.html
Build info: version: '2.53.0', revision: '35ae25b', time: '2016-03-15 17:00:58'
System info: host: 'luch-nix', ip: '127.0.1.1', os.name: 'Linux', os.arch: 'amd64', os.version: '3.19.0-49-generic', java.version: '1.8.0_72'
Driver info: driver.version: unknown
	at <anonymous class>.FirefoxDriver.prototype.findElementInternal_(file:///tmp/anonymous7100905610917960362webdriver-profile/extensions/fxdriver@googlecode.com/components/driver-component.js:10770)
	at <anonymous class>.fxdriver.Timer.prototype.setTimeout/<.notify(file:///tmp/anonymous7100905610917960362webdriver-profile/extensions/fxdriver@googlecode.com/components/driver-component.js:625)
]]>
            </full-stacktrace>
          </exception> <!-- org.openqa.selenium.NoSuchElementException -->
          <reporter-output>
          </reporter-output>
        </test-method> <!-- authorization -->
        <test-method status="PASS" signature="testNonAbonentType()[pri:0, instance:qaframework.rtv.tests.SmokeTest@c39f790]" name="testNonAbonentType" duration-ms="2208" started-at="2016-04-20T03:18:48Z" finished-at="2016-04-20T03:18:50Z">
          <reporter-output>
          </reporter-output>
        </test-method> <!-- testNonAbonentType -->
        <test-method status="SKIP" signature="testRememberCheckBox()[pri:0, instance:qaframework.rtv.tests.SmokeTest@c39f790]" name="testRememberCheckBox" duration-ms="0" started-at="2016-04-20T03:18:50Z" description="CheckBox remember user" depends-on-methods="qaframework.rtv.tests.SmokeTest.authorization" finished-at="2016-04-20T03:18:50Z">
          <exception class="java.lang.Throwable">
            <message>
              <![CDATA[Method SmokeTest.testRememberCheckBox()[pri:0, instance:qaframework.rtv.tests.SmokeTest@c39f790] depends on not successfully finished methods]]>
            </message>
            <full-stacktrace>
              <![CDATA[java.lang.Throwable: Method SmokeTest.testRememberCheckBox()[pri:0, instance:qaframework.rtv.tests.SmokeTest@c39f790] depends on not successfully finished methods
	at org.testng.internal.Invoker.invokeTestMethods(Invoker.java:1033)
	at org.testng.internal.TestMethodWorker.invokeTestMethods(TestMethodWorker.java:125)
	at org.testng.internal.TestMethodWorker.run(TestMethodWorker.java:108)
	at org.testng.TestRunner.privateRun(TestRunner.java:774)
	at org.testng.TestRunner.run(TestRunner.java:624)
	at org.testng.SuiteRunner.runTest(SuiteRunner.java:359)
	at org.testng.SuiteRunner.runSequentially(SuiteRunner.java:354)
	at org.testng.SuiteRunner.privateRun(SuiteRunner.java:312)
	at org.testng.SuiteRunner.run(SuiteRunner.java:261)
	at org.testng.SuiteRunnerWorker.runSuite(SuiteRunnerWorker.java:52)
	at org.testng.SuiteRunnerWorker.run(SuiteRunnerWorker.java:86)
	at org.testng.TestNG.runSuitesSequentially(TestNG.java:1215)
	at org.testng.TestNG.runSuitesLocally(TestNG.java:1140)
	at org.testng.TestNG.run(TestNG.java:1048)
	at org.testng.remote.RemoteTestNG.run(RemoteTestNG.java:112)
	at org.testng.remote.RemoteTestNG.initAndRun(RemoteTestNG.java:205)
	at org.testng.remote.RemoteTestNG.main(RemoteTestNG.java:176)
]]>
            </full-stacktrace>
          </exception> <!-- java.lang.Throwable -->
          <reporter-output>
          </reporter-output>
        </test-method> <!-- testRememberCheckBox -->
        <test-method status="PASS" signature="tearDown()[pri:0, instance:qaframework.rtv.tests.SmokeTest@c39f790]" name="tearDown" is-config="true" duration-ms="65" started-at="2016-04-20T03:18:50Z" finished-at="2016-04-20T03:18:50Z">
          <reporter-output>
          </reporter-output>
        </test-method> <!-- tearDown -->
      </class> <!-- qaframework.rtv.tests.SmokeTest -->
    </test> <!-- Default test -->
  </suite> <!-- Default suite -->
</testng-results>
